<?xml version="1.0" encoding="UTF-8"?>
<testng-results skipped="0" failed="1" ignored="0" total="6" passed="5">
  <reporter-output>
  </reporter-output>
  <suite name="Default suite" duration-ms="59578" started-at="2018-08-09T01:02:54Z" finished-at="2018-08-09T01:03:53Z">
    <groups>
    </groups>
    <test name="Default test" duration-ms="59578" started-at="2018-08-09T01:02:54Z" finished-at="2018-08-09T01:03:53Z">
      <class name="cn.tsa.app.testscripts.TestRegisterFunction">
        <test-method status="PASS" signature="beforeClass()[pri:0, instance:cn.tsa.app.testscripts.TestRegisterFunction@37374a5e]" name="beforeClass" is-config="true" duration-ms="22309" started-at="2018-08-09T01:02:54Z" finished-at="2018-08-09T01:03:16Z">
          <reporter-output>
          </reporter-output>
        </test-method> <!-- beforeClass -->
        <test-method status="PASS" signature="loadRegisterPage()[pri:0, instance:cn.tsa.app.testscripts.TestRegisterFunction@37374a5e]" name="loadRegisterPage" duration-ms="1274" started-at="2018-08-09T01:03:16Z" finished-at="2018-08-09T01:03:17Z">
          <reporter-output>
          </reporter-output>
        </test-method> <!-- loadRegisterPage -->
        <test-method status="PASS" signature="checkRegisterPhone()[pri:1, instance:cn.tsa.app.testscripts.TestRegisterFunction@37374a5e]" name="checkRegisterPhone" duration-ms="5716" started-at="2018-08-09T01:03:17Z" finished-at="2018-08-09T01:03:23Z">
          <reporter-output>
          </reporter-output>
        </test-method> <!-- checkRegisterPhone -->
        <test-method status="PASS" signature="checkRegisterCodeText()[pri:3, instance:cn.tsa.app.testscripts.TestRegisterFunction@37374a5e]" name="checkRegisterCodeText" duration-ms="5885" started-at="2018-08-09T01:03:23Z" finished-at="2018-08-09T01:03:29Z">
          <reporter-output>
          </reporter-output>
        </test-method> <!-- checkRegisterCodeText -->
        <test-method status="PASS" signature="checkRegisterPwd()[pri:4, instance:cn.tsa.app.testscripts.TestRegisterFunction@37374a5e]" name="checkRegisterPwd" duration-ms="11205" started-at="2018-08-09T01:03:29Z" finished-at="2018-08-09T01:03:40Z">
          <reporter-output>
          </reporter-output>
        </test-method> <!-- checkRegisterPwd -->
        <test-method status="PASS" signature="checkRegisterNum()[pri:5, instance:cn.tsa.app.testscripts.TestRegisterFunction@37374a5e]" name="checkRegisterNum" duration-ms="6443" started-at="2018-08-09T01:03:40Z" finished-at="2018-08-09T01:03:47Z">
          <reporter-output>
          </reporter-output>
        </test-method> <!-- checkRegisterNum -->
        <test-method status="FAIL" signature="checkProtocolBox()[pri:6, instance:cn.tsa.app.testscripts.TestRegisterFunction@37374a5e]" name="checkProtocolBox" duration-ms="6709" started-at="2018-08-09T01:03:47Z" finished-at="2018-08-09T01:03:53Z">
          <exception class="java.lang.AssertionError">
            <full-stacktrace>
              <![CDATA[java.lang.AssertionError
at org.junit.Assert.fail(Assert.java:86)
at org.junit.Assert.assertTrue(Assert.java:41)
at org.junit.Assert.assertTrue(Assert.java:52)
at cn.tsa.app.testscripts.TestRegisterFunction.checkProtocolBox(TestRegisterFunction.java:120)
at sun.reflect.NativeMethodAccessorImpl.invoke0(Native Method)
at sun.reflect.NativeMethodAccessorImpl.invoke(NativeMethodAccessorImpl.java:62)
at sun.reflect.DelegatingMethodAccessorImpl.invoke(DelegatingMethodAccessorImpl.java:43)
at java.lang.reflect.Method.invoke(Method.java:498)
at org.testng.internal.MethodInvocationHelper.invokeMethod(MethodInvocationHelper.java:124)
at org.testng.internal.Invoker.invokeMethod(Invoker.java:583)
at org.testng.internal.Invoker.invokeTestMethod(Invoker.java:719)
at org.testng.internal.Invoker.invokeTestMethods(Invoker.java:989)
at org.testng.internal.TestMethodWorker.invokeTestMethods(TestMethodWorker.java:125)
at org.testng.internal.TestMethodWorker.run(TestMethodWorker.java:109)
at org.testng.TestRunner.privateRun(TestRunner.java:648)
at org.testng.TestRunner.run(TestRunner.java:505)
at org.testng.SuiteRunner.runTest(SuiteRunner.java:455)
at org.testng.SuiteRunner.runSequentially(SuiteRunner.java:450)
at org.testng.SuiteRunner.privateRun(SuiteRunner.java:415)
at org.testng.SuiteRunner.run(SuiteRunner.java:364)
at org.testng.SuiteRunnerWorker.runSuite(SuiteRunnerWorker.java:52)
at org.testng.SuiteRunnerWorker.run(SuiteRunnerWorker.java:84)
at org.testng.TestNG.runSuitesSequentially(TestNG.java:1208)
at org.testng.TestNG.runSuitesLocally(TestNG.java:1137)
at org.testng.TestNG.runSuites(TestNG.java:1049)
at org.testng.TestNG.run(TestNG.java:1017)
at org.testng.remote.AbstractRemoteTestNG.run(AbstractRemoteTestNG.java:114)
at org.testng.remote.RemoteTestNG.initAndRun(RemoteTestNG.java:251)
at org.testng.remote.RemoteTestNG.main(RemoteTestNG.java:77)
]]>
            </full-stacktrace>
          </exception> <!-- java.lang.AssertionError -->
          <reporter-output>
          </reporter-output>
        </test-method> <!-- checkProtocolBox -->
        <test-method status="PASS" signature="afterClass()[pri:0, instance:cn.tsa.app.testscripts.TestRegisterFunction@37374a5e]" name="afterClass" is-config="true" duration-ms="0" started-at="2018-08-09T01:03:53Z" finished-at="2018-08-09T01:03:53Z">
          <reporter-output>
          </reporter-output>
        </test-method> <!-- afterClass -->
      </class> <!-- cn.tsa.app.testscripts.TestRegisterFunction -->
    </test> <!-- Default test -->
  </suite> <!-- Default suite -->
</testng-results>
